2020-10-30 23:00:02 INFO ============   PYTHON   LOG   ============
2020-10-30 23:00:02 INFO JOB: 
2020-10-30 23:00:02 INFO STEP: 
2020-10-30 23:00:02 INFO PGM: 301_feature.py
2020-10-30 23:00:02 INFO PID: 7735
2020-10-30 23:00:02 INFO PARENT_PID: jobid_undefined
2020-10-30 23:00:02 INFO HOSTNAME: hide-2.local
2020-10-30 23:00:02 INFO ------------------------------------------
2020-10-30 23:00:02 INFO 
2020-10-30 23:00:02 INFO ********************************************
2020-10-30 23:00:02 INFO [get_csv]
2020-10-30 23:00:02 INFO ********************************************
2020-10-30 23:00:02 INFO --[file_util：load_csv]--------------------
2020-10-30 23:00:02 INFO PATH  : /Users/hidebase/NRI/03_自己研鑽/03_データ分析コンテスト/nri_analysis_contest/200_input/train.csv
2020-10-30 23:00:02 INFO SHAPE : (7989, 4)
2020-10-30 23:00:02 INFO TIME  : 0.01[sec]
2020-10-30 23:00:02 INFO ------------------------------------
2020-10-30 23:00:02 INFO 
2020-10-30 23:00:02 INFO ========================================
2020-10-30 23:00:02 INFO 正常終了 ENDED CODE=0
2020-10-30 23:00:02 INFO 
2020-10-30 23:00:02 INFO ------------------------------------------
2020-10-30 23:00:02 INFO JOB: 
2020-10-30 23:00:02 INFO STEP: 
2020-10-30 23:00:02 INFO PGM: 301_feature.py
2020-10-30 23:00:02 INFO PID: 7735
2020-10-30 23:00:02 INFO PARENT_PID: jobid_undefined
2020-10-30 23:00:02 INFO HOSTNAME: hide-2.local
2020-10-30 23:00:02 INFO ELAPSED: 0.03[sec]
2020-10-30 23:00:02 INFO ============   PYTHON   LOG   ============
